# JRE version: Java(TM) SE Runtime Environment (11.0.2+9) (build 11.0.2+9-LTS)
# Java VM: Java HotSpot(TM) 64-Bit Server VM (11.0.2+9-LTS, mixed mode, tiered, compressed oops, g1 gc, bsd-amd64)
Heap:
 garbage-first heap   total 365568K, used 113663K [0x0000000780000000, 0x0000000800000000)
  region size 1024K, 13 young (13312K), 9 survivors (9216K)
 Metaspace       used 14134K, capacity 14319K, committed 14464K, reserved 1062912K
  class space    used 1317K, capacity 1377K, committed 1408K, reserved 1048576K
GC Heap History (10 events):
Event: 17.895 GC heap before
{Heap before GC invocations=12 (full 0):
 garbage-first heap   total 365568K, used 281854K [0x0000000780000000, 0x0000000800000000)
  region size 1024K, 176 young (180224K), 9 survivors (9216K)
 Metaspace       used 14108K, capacity 14319K, committed 14464K, reserved 1062912K
  class space    used 1316K, capacity 1377K, committed 1408K, reserved 1048576K
}
Event: 17.901 GC heap after
{Heap after GC invocations=13 (full 0):
 garbage-first heap   total 365568K, used 110762K [0x0000000780000000, 0x0000000800000000)
  region size 1024K, 9 young (9216K), 9 survivors (9216K)
 Metaspace       used 14108K, capacity 14319K, committed 14464K, reserved 1062912K
  class space    used 1316K, capacity 1377K, committed 1408K, reserved 1048576K
}
Event: 22.331 GC heap before
{Heap before GC invocations=13 (full 0):
 garbage-first heap   total 365568K, used 290986K [0x0000000780000000, 0x0000000800000000)
  region size 1024K, 185 young (189440K), 9 survivors (9216K)
 Metaspace       used 14119K, capacity 14319K, committed 14464K, reserved 1062912K
  class space    used 1316K, capacity 1377K, committed 1408K, reserved 1048576K
}
Event: 22.337 GC heap after
{Heap after GC invocations=14 (full 0):
 garbage-first heap   total 365568K, used 110528K [0x0000000780000000, 0x0000000800000000)
  region size 1024K, 9 young (9216K), 9 survivors (9216K)
 Metaspace       used 14119K, capacity 14319K, committed 14464K, reserved 1062912K
  class space    used 1316K, capacity 1377K, committed 1408K, reserved 1048576K
}
Event: 27.691 GC heap before
{Heap before GC invocations=14 (full 0):
 garbage-first heap   total 365568K, used 298944K [0x0000000780000000, 0x0000000800000000)
  region size 1024K, 193 young (197632K), 9 survivors (9216K)
 Metaspace       used 14121K, capacity 14319K, committed 14464K, reserved 1062912K
  class space    used 1316K, capacity 1377K, committed 1408K, reserved 1048576K
}
Event: 27.698 GC heap after
{Heap after GC invocations=15 (full 0):
 garbage-first heap   total 365568K, used 110589K [0x0000000780000000, 0x0000000800000000)
  region size 1024K, 9 young (9216K), 9 survivors (9216K)
 Metaspace       used 14121K, capacity 14319K, committed 14464K, reserved 1062912K
  class space    used 1316K, capacity 1377K, committed 1408K, reserved 1048576K
}
Event: 32.774 GC heap before
{Heap before GC invocations=15 (full 0):
 garbage-first heap   total 365568K, used 303101K [0x0000000780000000, 0x0000000800000000)
  region size 1024K, 197 young (201728K), 9 survivors (9216K)
 Metaspace       used 14125K, capacity 14319K, committed 14464K, reserved 1062912K
  class space    used 1316K, capacity 1377K, committed 1408K, reserved 1048576K
}
Event: 32.782 GC heap after
{Heap after GC invocations=16 (full 0):
 garbage-first heap   total 365568K, used 110591K [0x0000000780000000, 0x0000000800000000)
  region size 1024K, 9 young (9216K), 9 survivors (9216K)
 Metaspace       used 14125K, capacity 14319K, committed 14464K, reserved 1062912K
  class space    used 1316K, capacity 1377K, committed 1408K, reserved 1048576K
}
Event: 38.819 GC heap before
{Heap before GC invocations=16 (full 0):
 garbage-first heap   total 365568K, used 309247K [0x0000000780000000, 0x0000000800000000)
  region size 1024K, 203 young (207872K), 9 survivors (9216K)
 Metaspace       used 14133K, capacity 14319K, committed 14464K, reserved 1062912K
  class space    used 1317K, capacity 1377K, committed 1408K, reserved 1048576K
}
Event: 38.825 GC heap after
{Heap after GC invocations=17 (full 0):
 garbage-first heap   total 365568K, used 110591K [0x0000000780000000, 0x0000000800000000)
  region size 1024K, 9 young (9216K), 9 survivors (9216K)
 Metaspace       used 14133K, capacity 14319K, committed 14464K, reserved 1062912K
  class space    used 1317K, capacity 1377K, committed 1408K, reserved 1048576K
}

