# JRE version: Java(TM) SE Runtime Environment (11.0.2+9) (build 11.0.2+9-LTS)
# Java VM: Java HotSpot(TM) 64-Bit Server VM (11.0.2+9-LTS, mixed mode, tiered, compressed oops, g1 gc, bsd-amd64)
Heap:
 garbage-first heap   total 261120K, used 195504K [0x0000000780000000, 0x0000000800000000)
  region size 1024K, 101 young (103424K), 1 survivors (1024K)
 Metaspace       used 14159K, capacity 14319K, committed 14464K, reserved 1062912K
  class space    used 1316K, capacity 1377K, committed 1408K, reserved 1048576K
GC Heap History (10 events):
Event: 1610.541 GC heap before
{Heap before GC invocations=78 (full 0):
 garbage-first heap   total 261120K, used 230289K [0x0000000780000000, 0x0000000800000000)
  region size 1024K, 135 young (138240K), 2 survivors (2048K)
 Metaspace       used 14159K, capacity 14319K, committed 14464K, reserved 1062912K
  class space    used 1316K, capacity 1377K, committed 1408K, reserved 1048576K
}
Event: 1610.544 GC heap after
{Heap after GC invocations=79 (full 0):
 garbage-first heap   total 261120K, used 94131K [0x0000000780000000, 0x0000000800000000)
  region size 1024K, 2 young (2048K), 2 survivors (2048K)
 Metaspace       used 14159K, capacity 14319K, committed 14464K, reserved 1062912K
  class space    used 1316K, capacity 1377K, committed 1408K, reserved 1048576K
}
Event: 1615.515 GC heap before
{Heap before GC invocations=79 (full 0):
 garbage-first heap   total 261120K, used 231347K [0x0000000780000000, 0x0000000800000000)
  region size 1024K, 136 young (139264K), 2 survivors (2048K)
 Metaspace       used 14159K, capacity 14319K, committed 14464K, reserved 1062912K
  class space    used 1316K, capacity 1377K, committed 1408K, reserved 1048576K
}
Event: 1615.518 GC heap after
{Heap after GC invocations=80 (full 0):
 garbage-first heap   total 261120K, used 94145K [0x0000000780000000, 0x0000000800000000)
  region size 1024K, 1 young (1024K), 1 survivors (1024K)
 Metaspace       used 14159K, capacity 14319K, committed 14464K, reserved 1062912K
  class space    used 1316K, capacity 1377K, committed 1408K, reserved 1048576K
}
Event: 1620.061 GC heap before
{Heap before GC invocations=80 (full 0):
 garbage-first heap   total 261120K, used 231361K [0x0000000780000000, 0x0000000800000000)
  region size 1024K, 135 young (138240K), 1 survivors (1024K)
 Metaspace       used 14159K, capacity 14319K, committed 14464K, reserved 1062912K
  class space    used 1316K, capacity 1377K, committed 1408K, reserved 1048576K
}
Event: 1620.065 GC heap after
{Heap after GC invocations=81 (full 0):
 garbage-first heap   total 261120K, used 94152K [0x0000000780000000, 0x0000000800000000)
  region size 1024K, 1 young (1024K), 1 survivors (1024K)
 Metaspace       used 14159K, capacity 14319K, committed 14464K, reserved 1062912K
  class space    used 1316K, capacity 1377K, committed 1408K, reserved 1048576K
}
Event: 1624.522 GC heap before
{Heap before GC invocations=81 (full 0):
 garbage-first heap   total 261120K, used 231368K [0x0000000780000000, 0x0000000800000000)
  region size 1024K, 135 young (138240K), 1 survivors (1024K)
 Metaspace       used 14159K, capacity 14319K, committed 14464K, reserved 1062912K
  class space    used 1316K, capacity 1377K, committed 1408K, reserved 1048576K
}
Event: 1624.525 GC heap after
{Heap after GC invocations=82 (full 0):
 garbage-first heap   total 261120K, used 94166K [0x0000000780000000, 0x0000000800000000)
  region size 1024K, 1 young (1024K), 1 survivors (1024K)
 Metaspace       used 14159K, capacity 14319K, committed 14464K, reserved 1062912K
  class space    used 1316K, capacity 1377K, committed 1408K, reserved 1048576K
}
Event: 1628.892 GC heap before
{Heap before GC invocations=82 (full 0):
 garbage-first heap   total 261120K, used 230358K [0x0000000780000000, 0x0000000800000000)
  region size 1024K, 134 young (137216K), 1 survivors (1024K)
 Metaspace       used 14159K, capacity 14319K, committed 14464K, reserved 1062912K
  class space    used 1316K, capacity 1377K, committed 1408K, reserved 1048576K
}
Event: 1628.895 GC heap after
{Heap after GC invocations=83 (full 0):
 garbage-first heap   total 261120K, used 94128K [0x0000000780000000, 0x0000000800000000)
  region size 1024K, 1 young (1024K), 1 survivors (1024K)
 Metaspace       used 14159K, capacity 14319K, committed 14464K, reserved 1062912K
  class space    used 1316K, capacity 1377K, committed 1408K, reserved 1048576K
}

